<?xml version="1.0" encoding="UTF-8"?>
<!-- Generated by org.testng.reporters.JUnitXMLReporter -->
<testsuite hostname="LAPTOP-E5J7R7L7" ignored="0" name="Default test" tests="4" failures="0" timestamp="17 Aug 2022 01:28:14 GMT" time="0.373" errors="0">
  <testcase name="test" time="0.006" classname="testNG.concepts.DataProviderConcept"/>
  <testcase name="test" time="0.0" classname="testNG.concepts.DataProviderConcept"/>
  <testcase name="test" time="0.0" classname="testNG.concepts.DataProviderConcept"/>
  <testcase name="test" time="0.001" classname="testNG.concepts.DataProviderConcept"/>
</testsuite> <!-- Default test -->
