<?xml version="1.0" encoding="UTF-8"?>
<!-- Generated by org.testng.reporters.JUnitXMLReporter -->
<testsuite hostname="LAPTOP-E5J7R7L7" ignored="0" name="TestNG Concepts" tests="3" failures="0" timestamp="17 Aug 2022 00:20:10 GMT" time="5.175" errors="0">
  <testcase name="testTwo" time="3.115" classname="testNG.concepts.ParallelExecutionConcept"/>
  <testcase name="testthree" time="3.183" classname="testNG.concepts.ParallelExecutionConcept"/>
  <testcase name="testOne" time="5.156" classname="testNG.concepts.ParallelExecutionConcept"/>
</testsuite> <!-- TestNG Concepts -->
